0 verbose cli /usr/local/bin/node /usr/local/bin/npm
1 info using npm@10.1.0
2 info using node@v20.8.1
3 timing npm:load:whichnode Completed in 3ms
4 timing config:load:defaults Completed in 3ms
5 timing config:load:file:/usr/local/lib/node_modules/npm/npmrc Completed in 1ms
6 timing config:load:builtin Completed in 1ms
7 timing config:load:cli Completed in 4ms
8 timing config:load:env Completed in 0ms
9 timing config:load:project Completed in 13ms
10 timing config:load:file:/home/node/.npmrc Completed in 4ms
11 timing config:load:user Completed in 5ms
12 timing config:load:file:/usr/local/etc/npmrc Completed in 1ms
13 timing config:load:global Completed in 1ms
14 timing config:load:setEnvs Completed in 2ms
15 timing config:load Completed in 29ms
16 timing npm:load:configload Completed in 30ms
17 timing config:load:flatten Completed in 4ms
18 timing npm:load:mkdirpcache Completed in 21ms
19 timing npm:load:mkdirplogs Completed in 5ms
20 verbose title npm i
21 verbose argv "i"
22 timing npm:load:setTitle Completed in 1ms
23 timing npm:load:display Completed in 2ms
24 verbose logfile logs-max:10 dir:/home/node/.npm/_logs/2024-03-07T10_28_35_586Z-
25 verbose logfile /home/node/.npm/_logs/2024-03-07T10_28_35_586Z-debug-0.log
26 timing npm:load:logFile Completed in 33ms
27 timing npm:load:timers Completed in 0ms
28 timing npm:load:configScope Completed in 0ms
29 timing npm:load Completed in 126ms
30 timing arborist:ctor Completed in 2ms
31 silly logfile done cleaning log files
32 timing arborist:ctor Completed in 1ms
33 timing idealTree:init Completed in 55ms
34 timing idealTree:userRequests Completed in 0ms
35 silly idealTree buildDeps
36 silly fetch manifest axios@^1.6.4
37 http fetch GET 200 https://registry.npmjs.org/axios 637ms (cache miss)
38 silly fetch manifest laravel-vite-plugin@^1.0.0
39 http fetch GET 200 https://registry.npmjs.org/npm 1277ms (cache miss)
40 http fetch GET 200 https://registry.npmjs.org/laravel-vite-plugin 686ms (cache miss)
41 silly fetch manifest vite@^5.0.0
42 http fetch GET 200 https://registry.npmjs.org/vite 273ms (cache miss)
43 silly fetch manifest @types/node@^18.0.0 || >=20.0.0
44 http fetch GET 200 https://registry.npmjs.org/@types%2fnode 373ms (cache miss)
45 silly fetch manifest less@*
46 http fetch GET 200 https://registry.npmjs.org/less 650ms (cache miss)
47 silly fetch manifest lightningcss@^1.21.0
48 http fetch GET 200 https://registry.npmjs.org/lightningcss 242ms (cache miss)
49 silly fetch manifest sass@*
50 http fetch GET 200 https://registry.npmjs.org/sass 517ms (cache miss)
51 silly fetch manifest stylus@*
52 http fetch GET 200 https://registry.npmjs.org/stylus 641ms (cache miss)
53 silly fetch manifest sugarss@*
54 http fetch GET 200 https://registry.npmjs.org/sugarss 83ms (cache miss)
55 silly fetch manifest postcss@^8.3.3
56 http fetch GET 200 https://registry.npmjs.org/postcss 286ms (cache miss)
57 silly fetch manifest terser@^5.4.0
58 http fetch GET 200 https://registry.npmjs.org/terser 272ms (cache miss)
59 silly placeDep ROOT axios@1.6.7 OK for:  want: ^1.6.4
60 silly fetch manifest follow-redirects@^1.15.4
61 silly fetch manifest form-data@^4.0.0
62 silly fetch manifest proxy-from-env@^1.1.0
63 silly placeDep ROOT laravel-vite-plugin@1.0.2 OK for:  want: ^1.0.0
64 silly placeDep ROOT vite@5.1.5 OK for: laravel-vite-plugin@1.0.2 want: ^5.0.0
65 silly fetch manifest picocolors@^1.0.0
66 silly fetch manifest vite-plugin-full-reload@^1.1.0
67 silly fetch manifest esbuild@^0.19.3
68 silly fetch manifest postcss@^8.4.35
69 silly fetch manifest rollup@^4.2.0
70 silly fetch manifest fsevents@~2.3.3
71 http fetch GET 200 https://registry.npmjs.org/proxy-from-env 498ms (cache miss)
72 http fetch GET 200 https://registry.npmjs.org/form-data 510ms (cache miss)
73 http fetch GET 200 https://registry.npmjs.org/picocolors 586ms (cache miss)
74 http fetch GET 200 https://registry.npmjs.org/vite-plugin-full-reload 690ms (cache miss)
75 http fetch GET 200 https://registry.npmjs.org/fsevents 745ms (cache miss)
76 http fetch GET 200 https://registry.npmjs.org/follow-redirects 808ms (cache miss)
77 http fetch GET 200 https://registry.npmjs.org/esbuild 1290ms (cache miss)
78 http fetch GET 200 https://registry.npmjs.org/rollup 1740ms (cache miss)
79 timing idealTree:#root Completed in 6758ms
80 silly placeDep ROOT follow-redirects@1.15.5 OK for: axios@1.6.7 want: ^1.15.4
81 silly placeDep ROOT form-data@4.0.0 OK for: axios@1.6.7 want: ^4.0.0
82 silly fetch manifest asynckit@^0.4.0
83 silly fetch manifest combined-stream@^1.0.8
84 silly fetch manifest mime-types@^2.1.12
85 silly placeDep ROOT proxy-from-env@1.1.0 OK for: axios@1.6.7 want: ^1.1.0
86 http fetch GET 200 https://registry.npmjs.org/combined-stream 225ms (cache miss)
87 http fetch GET 200 https://registry.npmjs.org/asynckit 234ms (cache miss)
88 http fetch GET 200 https://registry.npmjs.org/mime-types 283ms (cache miss)
89 timing idealTree:node_modules/axios Completed in 306ms
90 timing idealTree:node_modules/follow-redirects Completed in 0ms
91 silly placeDep ROOT asynckit@0.4.0 OK for: form-data@4.0.0 want: ^0.4.0
92 silly placeDep ROOT combined-stream@1.0.8 OK for: form-data@4.0.0 want: ^1.0.8
93 silly fetch manifest delayed-stream@~1.0.0
94 silly placeDep ROOT mime-types@2.1.35 OK for: form-data@4.0.0 want: ^2.1.12
95 silly fetch manifest mime-db@1.52.0
96 http fetch GET 200 https://registry.npmjs.org/delayed-stream 161ms (cache miss)
97 http fetch GET 200 https://registry.npmjs.org/mime-db 253ms (cache miss)
98 timing idealTree:node_modules/form-data Completed in 271ms
99 timing idealTree:node_modules/asynckit Completed in 0ms
100 silly placeDep ROOT delayed-stream@1.0.0 OK for: combined-stream@1.0.8 want: ~1.0.0
101 timing idealTree:node_modules/combined-stream Completed in 7ms
102 timing idealTree:node_modules/delayed-stream Completed in 0ms
103 silly placeDep ROOT picocolors@1.0.0 OK for: laravel-vite-plugin@1.0.2 want: ^1.0.0
104 silly placeDep ROOT vite-plugin-full-reload@1.1.0 OK for: laravel-vite-plugin@1.0.2 want: ^1.1.0
105 silly fetch manifest picomatch@^2.3.1
106 http fetch GET 200 https://registry.npmjs.org/picomatch 159ms (cache miss)
107 timing idealTree:node_modules/laravel-vite-plugin Completed in 178ms
108 silly placeDep ROOT mime-db@1.52.0 OK for: mime-types@2.1.35 want: 1.52.0
109 timing idealTree:node_modules/mime-types Completed in 4ms
110 timing idealTree:node_modules/mime-db Completed in 0ms
111 timing idealTree:node_modules/picocolors Completed in 0ms
112 timing idealTree:node_modules/proxy-from-env Completed in 0ms
113 silly placeDep ROOT esbuild@0.19.12 OK for: vite@5.1.5 want: ^0.19.3
114 silly fetch manifest @esbuild/aix-ppc64@0.19.12
115 silly fetch manifest @esbuild/android-arm@0.19.12
116 silly fetch manifest @esbuild/android-arm64@0.19.12
117 silly fetch manifest @esbuild/android-x64@0.19.12
118 silly fetch manifest @esbuild/darwin-arm64@0.19.12
119 silly fetch manifest @esbuild/darwin-x64@0.19.12
120 silly fetch manifest @esbuild/freebsd-arm64@0.19.12
121 silly fetch manifest @esbuild/freebsd-x64@0.19.12
122 silly fetch manifest @esbuild/linux-arm@0.19.12
123 silly fetch manifest @esbuild/linux-arm64@0.19.12
124 silly fetch manifest @esbuild/linux-ia32@0.19.12
125 silly fetch manifest @esbuild/linux-loong64@0.19.12
126 silly fetch manifest @esbuild/linux-mips64el@0.19.12
127 silly fetch manifest @esbuild/linux-ppc64@0.19.12
128 silly fetch manifest @esbuild/linux-riscv64@0.19.12
129 silly fetch manifest @esbuild/linux-s390x@0.19.12
130 silly fetch manifest @esbuild/linux-x64@0.19.12
131 silly fetch manifest @esbuild/netbsd-x64@0.19.12
132 silly fetch manifest @esbuild/openbsd-x64@0.19.12
133 silly fetch manifest @esbuild/sunos-x64@0.19.12
134 silly fetch manifest @esbuild/win32-arm64@0.19.12
135 silly fetch manifest @esbuild/win32-ia32@0.19.12
136 silly fetch manifest @esbuild/win32-x64@0.19.12
137 silly placeDep ROOT fsevents@2.3.3 OK for: vite@5.1.5 want: ~2.3.3
138 silly placeDep ROOT postcss@8.4.35 OK for: vite@5.1.5 want: ^8.4.35
139 silly fetch manifest nanoid@^3.3.7
140 silly fetch manifest source-map-js@^1.0.2
141 silly placeDep ROOT rollup@4.12.1 OK for: vite@5.1.5 want: ^4.2.0
142 silly fetch manifest @types/estree@1.0.5
143 silly fetch manifest @rollup/rollup-darwin-arm64@4.12.1
144 silly fetch manifest @rollup/rollup-android-arm64@4.12.1
145 silly fetch manifest @rollup/rollup-win32-arm64-msvc@4.12.1
146 silly fetch manifest @rollup/rollup-linux-arm64-gnu@4.12.1
147 silly fetch manifest @rollup/rollup-linux-arm64-musl@4.12.1
148 silly fetch manifest @rollup/rollup-android-arm-eabi@4.12.1
149 silly fetch manifest @rollup/rollup-linux-arm-gnueabihf@4.12.1
150 silly fetch manifest @rollup/rollup-win32-ia32-msvc@4.12.1
151 silly fetch manifest @rollup/rollup-linux-riscv64-gnu@4.12.1
152 silly fetch manifest @rollup/rollup-darwin-x64@4.12.1
153 silly fetch manifest @rollup/rollup-win32-x64-msvc@4.12.1
154 silly fetch manifest @rollup/rollup-linux-x64-gnu@4.12.1
155 silly fetch manifest @rollup/rollup-linux-x64-musl@4.12.1
156 http fetch GET 200 https://registry.npmjs.org/@esbuild%2faix-ppc64 541ms (cache miss)
157 http fetch GET 200 https://registry.npmjs.org/@esbuild%2ffreebsd-x64 727ms (cache miss)
158 http fetch GET 200 https://registry.npmjs.org/@types%2festree 675ms (cache miss)
159 http fetch GET 200 https://registry.npmjs.org/@esbuild%2flinux-arm64 792ms (cache miss)
160 http fetch GET 200 https://registry.npmjs.org/@rollup%2frollup-win32-x64-msvc 695ms (cache miss)
161 http fetch GET 200 https://registry.npmjs.org/@rollup%2frollup-linux-arm64-musl 727ms (cache miss)
162 http fetch GET 200 https://registry.npmjs.org/@esbuild%2fdarwin-arm64 855ms (cache miss)
163 http fetch GET 200 https://registry.npmjs.org/@esbuild%2fandroid-arm64 1169ms (cache miss)
164 http fetch GET 200 https://registry.npmjs.org/@rollup%2frollup-linux-riscv64-gnu 1058ms (cache miss)
165 http fetch GET 200 https://registry.npmjs.org/source-map-js 1101ms (cache miss)
166 http fetch GET 200 https://registry.npmjs.org/@rollup%2frollup-linux-x64-gnu 1066ms (cache miss)
167 http fetch GET 200 https://registry.npmjs.org/@rollup%2frollup-win32-ia32-msvc 1157ms (cache miss)
168 http fetch GET 200 https://registry.npmjs.org/@rollup%2frollup-darwin-x64 1159ms (cache miss)
169 http fetch GET 200 https://registry.npmjs.org/@rollup%2frollup-android-arm-eabi 1176ms (cache miss)
170 http fetch GET 200 https://registry.npmjs.org/@rollup%2frollup-linux-arm-gnueabihf 1175ms (cache miss)
171 http fetch GET 200 https://registry.npmjs.org/@rollup%2frollup-linux-arm64-gnu 1182ms (cache miss)
172 http fetch GET 200 https://registry.npmjs.org/@rollup%2frollup-win32-arm64-msvc 1194ms (cache miss)
173 http fetch GET 200 https://registry.npmjs.org/@rollup%2frollup-android-arm64 1207ms (cache miss)
174 http fetch GET 200 https://registry.npmjs.org/@rollup%2frollup-darwin-arm64 1215ms (cache miss)
175 http fetch GET 200 https://registry.npmjs.org/@rollup%2frollup-linux-x64-musl 1178ms (cache miss)
176 http fetch GET 200 https://registry.npmjs.org/@esbuild%2fandroid-arm 1387ms (cache miss)
177 http fetch GET 200 https://registry.npmjs.org/@esbuild%2flinux-riscv64 1336ms (cache miss)
178 http fetch GET 200 https://registry.npmjs.org/@esbuild%2flinux-arm 1370ms (cache miss)
179 http fetch GET 200 https://registry.npmjs.org/@esbuild%2fsunos-x64 1322ms (cache miss)
180 http fetch GET 200 https://registry.npmjs.org/@esbuild%2flinux-mips64el 1360ms (cache miss)
181 http fetch GET 200 https://registry.npmjs.org/@esbuild%2flinux-s390x 1348ms (cache miss)
182 http fetch GET 200 https://registry.npmjs.org/@esbuild%2flinux-ia32 1391ms (cache miss)
183 http fetch GET 200 https://registry.npmjs.org/@esbuild%2ffreebsd-arm64 1408ms (cache miss)
184 http fetch GET 200 https://registry.npmjs.org/@esbuild%2fdarwin-x64 1492ms (cache miss)
185 http fetch GET 200 https://registry.npmjs.org/@esbuild%2fopenbsd-x64 1444ms (cache miss)
186 http fetch GET 200 https://registry.npmjs.org/@esbuild%2fandroid-x64 1517ms (cache miss)
187 http fetch GET 200 https://registry.npmjs.org/@esbuild%2flinux-ppc64 1490ms (cache miss)
188 http fetch GET 200 https://registry.npmjs.org/@esbuild%2fwin32-ia32 1473ms (cache miss)
189 http fetch GET 200 https://registry.npmjs.org/@esbuild%2fwin32-arm64 1485ms (cache miss)
190 http fetch GET 200 https://registry.npmjs.org/@esbuild%2fwin32-x64 1506ms (cache miss)
191 http fetch GET 200 https://registry.npmjs.org/@esbuild%2flinux-x64 1538ms (cache miss)
192 http fetch GET 200 https://registry.npmjs.org/@esbuild%2flinux-loong64 1569ms (cache miss)
193 http fetch GET 200 https://registry.npmjs.org/nanoid 1560ms (cache miss)
194 http fetch GET 200 https://registry.npmjs.org/@esbuild%2fnetbsd-x64 1725ms (cache miss)
195 timing idealTree:node_modules/vite Completed in 1866ms
196 silly placeDep ROOT @esbuild/aix-ppc64@0.19.12 OK for: esbuild@0.19.12 want: 0.19.12
197 silly placeDep ROOT @esbuild/android-arm@0.19.12 OK for: esbuild@0.19.12 want: 0.19.12
198 silly placeDep ROOT @esbuild/android-arm64@0.19.12 OK for: esbuild@0.19.12 want: 0.19.12
199 silly placeDep ROOT @esbuild/android-x64@0.19.12 OK for: esbuild@0.19.12 want: 0.19.12
200 silly placeDep ROOT @esbuild/darwin-arm64@0.19.12 OK for: esbuild@0.19.12 want: 0.19.12
201 silly placeDep ROOT @esbuild/darwin-x64@0.19.12 OK for: esbuild@0.19.12 want: 0.19.12
202 silly placeDep ROOT @esbuild/freebsd-arm64@0.19.12 OK for: esbuild@0.19.12 want: 0.19.12
203 silly placeDep ROOT @esbuild/freebsd-x64@0.19.12 OK for: esbuild@0.19.12 want: 0.19.12
204 silly placeDep ROOT @esbuild/linux-arm@0.19.12 OK for: esbuild@0.19.12 want: 0.19.12
205 silly placeDep ROOT @esbuild/linux-arm64@0.19.12 OK for: esbuild@0.19.12 want: 0.19.12
206 silly placeDep ROOT @esbuild/linux-ia32@0.19.12 OK for: esbuild@0.19.12 want: 0.19.12
207 silly placeDep ROOT @esbuild/linux-loong64@0.19.12 OK for: esbuild@0.19.12 want: 0.19.12
208 silly placeDep ROOT @esbuild/linux-mips64el@0.19.12 OK for: esbuild@0.19.12 want: 0.19.12
209 silly placeDep ROOT @esbuild/linux-ppc64@0.19.12 OK for: esbuild@0.19.12 want: 0.19.12
210 silly placeDep ROOT @esbuild/linux-riscv64@0.19.12 OK for: esbuild@0.19.12 want: 0.19.12
211 silly placeDep ROOT @esbuild/linux-s390x@0.19.12 OK for: esbuild@0.19.12 want: 0.19.12
212 silly placeDep ROOT @esbuild/linux-x64@0.19.12 OK for: esbuild@0.19.12 want: 0.19.12
213 silly placeDep ROOT @esbuild/netbsd-x64@0.19.12 OK for: esbuild@0.19.12 want: 0.19.12
214 silly placeDep ROOT @esbuild/openbsd-x64@0.19.12 OK for: esbuild@0.19.12 want: 0.19.12
215 silly placeDep ROOT @esbuild/sunos-x64@0.19.12 OK for: esbuild@0.19.12 want: 0.19.12
216 silly placeDep ROOT @esbuild/win32-arm64@0.19.12 OK for: esbuild@0.19.12 want: 0.19.12
217 silly placeDep ROOT @esbuild/win32-ia32@0.19.12 OK for: esbuild@0.19.12 want: 0.19.12
218 silly placeDep ROOT @esbuild/win32-x64@0.19.12 OK for: esbuild@0.19.12 want: 0.19.12
219 timing idealTree:node_modules/esbuild Completed in 119ms
220 timing idealTree:node_modules/@esbuild/aix-ppc64 Completed in 0ms
221 timing idealTree:node_modules/@esbuild/android-arm Completed in 0ms
222 timing idealTree:node_modules/@esbuild/android-arm64 Completed in 0ms
223 timing idealTree:node_modules/@esbuild/android-x64 Completed in 0ms
224 timing idealTree:node_modules/@esbuild/darwin-arm64 Completed in 0ms
225 timing idealTree:node_modules/@esbuild/darwin-x64 Completed in 0ms
226 timing idealTree:node_modules/@esbuild/freebsd-arm64 Completed in 0ms
227 timing idealTree:node_modules/@esbuild/freebsd-x64 Completed in 0ms
228 timing idealTree:node_modules/@esbuild/linux-arm Completed in 0ms
229 timing idealTree:node_modules/@esbuild/linux-arm64 Completed in 0ms
230 timing idealTree:node_modules/@esbuild/linux-ia32 Completed in 0ms
231 timing idealTree:node_modules/@esbuild/linux-loong64 Completed in 0ms
232 timing idealTree:node_modules/@esbuild/linux-mips64el Completed in 0ms
233 timing idealTree:node_modules/@esbuild/linux-ppc64 Completed in 0ms
234 timing idealTree:node_modules/@esbuild/linux-riscv64 Completed in 0ms
235 timing idealTree:node_modules/@esbuild/linux-s390x Completed in 0ms
236 timing idealTree:node_modules/@esbuild/linux-x64 Completed in 0ms
237 timing idealTree:node_modules/@esbuild/netbsd-x64 Completed in 0ms
238 timing idealTree:node_modules/@esbuild/openbsd-x64 Completed in 0ms
239 timing idealTree:node_modules/@esbuild/sunos-x64 Completed in 0ms
240 timing idealTree:node_modules/@esbuild/win32-arm64 Completed in 0ms
241 timing idealTree:node_modules/@esbuild/win32-ia32 Completed in 0ms
242 timing idealTree:node_modules/@esbuild/win32-x64 Completed in 0ms
243 timing idealTree:node_modules/fsevents Completed in 0ms
244 silly placeDep ROOT nanoid@3.3.7 OK for: postcss@8.4.35 want: ^3.3.7
245 silly placeDep ROOT source-map-js@1.0.2 OK for: postcss@8.4.35 want: ^1.0.2
246 timing idealTree:node_modules/postcss Completed in 4ms
247 timing idealTree:node_modules/nanoid Completed in 0ms
248 silly placeDep ROOT @rollup/rollup-android-arm-eabi@4.12.1 OK for: rollup@4.12.1 want: 4.12.1
249 silly placeDep ROOT @rollup/rollup-android-arm64@4.12.1 OK for: rollup@4.12.1 want: 4.12.1
250 silly placeDep ROOT @rollup/rollup-darwin-arm64@4.12.1 OK for: rollup@4.12.1 want: 4.12.1
251 silly placeDep ROOT @rollup/rollup-darwin-x64@4.12.1 OK for: rollup@4.12.1 want: 4.12.1
252 silly placeDep ROOT @rollup/rollup-linux-arm-gnueabihf@4.12.1 OK for: rollup@4.12.1 want: 4.12.1
253 silly placeDep ROOT @rollup/rollup-linux-arm64-gnu@4.12.1 OK for: rollup@4.12.1 want: 4.12.1
254 silly placeDep ROOT @rollup/rollup-linux-arm64-musl@4.12.1 OK for: rollup@4.12.1 want: 4.12.1
255 silly placeDep ROOT @rollup/rollup-linux-riscv64-gnu@4.12.1 OK for: rollup@4.12.1 want: 4.12.1
256 silly placeDep ROOT @rollup/rollup-linux-x64-gnu@4.12.1 OK for: rollup@4.12.1 want: 4.12.1
257 silly placeDep ROOT @rollup/rollup-linux-x64-musl@4.12.1 OK for: rollup@4.12.1 want: 4.12.1
258 silly placeDep ROOT @rollup/rollup-win32-arm64-msvc@4.12.1 OK for: rollup@4.12.1 want: 4.12.1
259 silly placeDep ROOT @rollup/rollup-win32-ia32-msvc@4.12.1 OK for: rollup@4.12.1 want: 4.12.1
260 silly placeDep ROOT @rollup/rollup-win32-x64-msvc@4.12.1 OK for: rollup@4.12.1 want: 4.12.1
261 silly placeDep ROOT @types/estree@1.0.5 OK for: rollup@4.12.1 want: 1.0.5
262 timing idealTree:node_modules/rollup Completed in 28ms
263 timing idealTree:node_modules/@rollup/rollup-android-arm-eabi Completed in 0ms
264 timing idealTree:node_modules/@rollup/rollup-android-arm64 Completed in 0ms
265 timing idealTree:node_modules/@rollup/rollup-darwin-arm64 Completed in 0ms
266 timing idealTree:node_modules/@rollup/rollup-darwin-x64 Completed in 0ms
267 timing idealTree:node_modules/@rollup/rollup-linux-arm-gnueabihf Completed in 0ms
268 timing idealTree:node_modules/@rollup/rollup-linux-arm64-gnu Completed in 0ms
269 timing idealTree:node_modules/@rollup/rollup-linux-arm64-musl Completed in 0ms
270 timing idealTree:node_modules/@rollup/rollup-linux-riscv64-gnu Completed in 0ms
271 timing idealTree:node_modules/@rollup/rollup-linux-x64-gnu Completed in 0ms
272 timing idealTree:node_modules/@rollup/rollup-linux-x64-musl Completed in 0ms
273 timing idealTree:node_modules/@rollup/rollup-win32-arm64-msvc Completed in 0ms
274 timing idealTree:node_modules/@rollup/rollup-win32-ia32-msvc Completed in 0ms
275 timing idealTree:node_modules/@rollup/rollup-win32-x64-msvc Completed in 0ms
276 timing idealTree:node_modules/@types/estree Completed in 0ms
277 timing idealTree:node_modules/source-map-js Completed in 0ms
278 silly placeDep ROOT picomatch@2.3.1 OK for: vite-plugin-full-reload@1.1.0 want: ^2.3.1
279 timing idealTree:node_modules/vite-plugin-full-reload Completed in 5ms
280 timing idealTree:node_modules/picomatch Completed in 0ms
281 timing idealTree:buildDeps Completed in 9625ms
282 timing idealTree:fixDepFlags Completed in 2ms
283 timing idealTree Completed in 9689ms
284 timing reify:loadTrees Completed in 9691ms
285 timing reify:diffTrees Completed in 4ms
286 silly reify moves {}
287 timing reify:retireShallow Completed in 3ms
288 timing reify:createSparse Completed in 152ms
289 timing reify:loadBundles Completed in 0ms
290 silly audit bulk request {
290 silly audit   axios: [ '1.6.7' ],
290 silly audit   'laravel-vite-plugin': [ '1.0.2' ],
290 silly audit   vite: [ '5.1.5' ],
290 silly audit   'follow-redirects': [ '1.15.5' ],
290 silly audit   'form-data': [ '4.0.0' ],
290 silly audit   'proxy-from-env': [ '1.1.0' ],
290 silly audit   asynckit: [ '0.4.0' ],
290 silly audit   'combined-stream': [ '1.0.8' ],
290 silly audit   'mime-types': [ '2.1.35' ],
290 silly audit   'delayed-stream': [ '1.0.0' ],
290 silly audit   picocolors: [ '1.0.0' ],
290 silly audit   'vite-plugin-full-reload': [ '1.1.0' ],
290 silly audit   'mime-db': [ '1.52.0' ],
290 silly audit   esbuild: [ '0.19.12' ],
290 silly audit   fsevents: [ '2.3.3' ],
290 silly audit   postcss: [ '8.4.35' ],
290 silly audit   rollup: [ '4.12.1' ],
290 silly audit   '@esbuild/aix-ppc64': [ '0.19.12' ],
290 silly audit   '@esbuild/android-arm': [ '0.19.12' ],
290 silly audit   '@esbuild/android-arm64': [ '0.19.12' ],
290 silly audit   '@esbuild/android-x64': [ '0.19.12' ],
290 silly audit   '@esbuild/darwin-arm64': [ '0.19.12' ],
290 silly audit   '@esbuild/darwin-x64': [ '0.19.12' ],
290 silly audit   '@esbuild/freebsd-arm64': [ '0.19.12' ],
290 silly audit   '@esbuild/freebsd-x64': [ '0.19.12' ],
290 silly audit   '@esbuild/linux-arm': [ '0.19.12' ],
290 silly audit   '@esbuild/linux-arm64': [ '0.19.12' ],
290 silly audit   '@esbuild/linux-ia32': [ '0.19.12' ],
290 silly audit   '@esbuild/linux-loong64': [ '0.19.12' ],
290 silly audit   '@esbuild/linux-mips64el': [ '0.19.12' ],
290 silly audit   '@esbuild/linux-ppc64': [ '0.19.12' ],
290 silly audit   '@esbuild/linux-riscv64': [ '0.19.12' ],
290 silly audit   '@esbuild/linux-s390x': [ '0.19.12' ],
290 silly audit   '@esbuild/linux-x64': [ '0.19.12' ],
290 silly audit   '@esbuild/netbsd-x64': [ '0.19.12' ],
290 silly audit   '@esbuild/openbsd-x64': [ '0.19.12' ],
290 silly audit   '@esbuild/sunos-x64': [ '0.19.12' ],
290 silly audit   '@esbuild/win32-arm64': [ '0.19.12' ],
290 silly audit   '@esbuild/win32-ia32': [ '0.19.12' ],
290 silly audit   '@esbuild/win32-x64': [ '0.19.12' ],
290 silly audit   nanoid: [ '3.3.7' ],
290 silly audit   'source-map-js': [ '1.0.2' ],
290 silly audit   '@rollup/rollup-android-arm-eabi': [ '4.12.1' ],
290 silly audit   '@rollup/rollup-android-arm64': [ '4.12.1' ],
290 silly audit   '@rollup/rollup-darwin-arm64': [ '4.12.1' ],
290 silly audit   '@rollup/rollup-darwin-x64': [ '4.12.1' ],
290 silly audit   '@rollup/rollup-linux-arm-gnueabihf': [ '4.12.1' ],
290 silly audit   '@rollup/rollup-linux-arm64-gnu': [ '4.12.1' ],
290 silly audit   '@rollup/rollup-linux-arm64-musl': [ '4.12.1' ],
290 silly audit   '@rollup/rollup-linux-riscv64-gnu': [ '4.12.1' ],
290 silly audit   '@rollup/rollup-linux-x64-gnu': [ '4.12.1' ],
290 silly audit   '@rollup/rollup-linux-x64-musl': [ '4.12.1' ],
290 silly audit   '@rollup/rollup-win32-arm64-msvc': [ '4.12.1' ],
290 silly audit   '@rollup/rollup-win32-ia32-msvc': [ '4.12.1' ],
290 silly audit   '@rollup/rollup-win32-x64-msvc': [ '4.12.1' ],
290 silly audit   '@types/estree': [ '1.0.5' ],
290 silly audit   picomatch: [ '2.3.1' ]
290 silly audit }
291 verbose reify failed optional dependency /home/node/node_modules/@rollup/rollup-win32-x64-msvc
292 silly reify mark deleted [ '/home/node/node_modules/@rollup/rollup-win32-x64-msvc' ]
293 verbose reify failed optional dependency /home/node/node_modules/@rollup/rollup-win32-ia32-msvc
294 silly reify mark deleted [ '/home/node/node_modules/@rollup/rollup-win32-ia32-msvc' ]
295 verbose reify failed optional dependency /home/node/node_modules/@rollup/rollup-win32-arm64-msvc
296 silly reify mark deleted [ '/home/node/node_modules/@rollup/rollup-win32-arm64-msvc' ]
297 verbose reify failed optional dependency /home/node/node_modules/@rollup/rollup-linux-x64-musl
298 silly reify mark deleted [ '/home/node/node_modules/@rollup/rollup-linux-x64-musl' ]
299 verbose reify failed optional dependency /home/node/node_modules/@rollup/rollup-linux-x64-gnu
300 silly reify mark deleted [ '/home/node/node_modules/@rollup/rollup-linux-x64-gnu' ]
301 verbose reify failed optional dependency /home/node/node_modules/@rollup/rollup-linux-riscv64-gnu
302 silly reify mark deleted [ '/home/node/node_modules/@rollup/rollup-linux-riscv64-gnu' ]
303 verbose reify failed optional dependency /home/node/node_modules/@rollup/rollup-linux-arm-gnueabihf
304 silly reify mark deleted [ '/home/node/node_modules/@rollup/rollup-linux-arm-gnueabihf' ]
305 verbose reify failed optional dependency /home/node/node_modules/@rollup/rollup-darwin-x64
306 silly reify mark deleted [ '/home/node/node_modules/@rollup/rollup-darwin-x64' ]
307 verbose reify failed optional dependency /home/node/node_modules/@rollup/rollup-darwin-arm64
308 silly reify mark deleted [ '/home/node/node_modules/@rollup/rollup-darwin-arm64' ]
309 verbose reify failed optional dependency /home/node/node_modules/@rollup/rollup-android-arm64
310 silly reify mark deleted [ '/home/node/node_modules/@rollup/rollup-android-arm64' ]
311 verbose reify failed optional dependency /home/node/node_modules/@rollup/rollup-android-arm-eabi
312 silly reify mark deleted [ '/home/node/node_modules/@rollup/rollup-android-arm-eabi' ]
313 verbose reify failed optional dependency /home/node/node_modules/@esbuild/win32-x64
314 silly reify mark deleted [ '/home/node/node_modules/@esbuild/win32-x64' ]
315 verbose reify failed optional dependency /home/node/node_modules/@esbuild/win32-ia32
316 silly reify mark deleted [ '/home/node/node_modules/@esbuild/win32-ia32' ]
317 verbose reify failed optional dependency /home/node/node_modules/@esbuild/win32-arm64
318 silly reify mark deleted [ '/home/node/node_modules/@esbuild/win32-arm64' ]
319 verbose reify failed optional dependency /home/node/node_modules/@esbuild/sunos-x64
320 silly reify mark deleted [ '/home/node/node_modules/@esbuild/sunos-x64' ]
321 verbose reify failed optional dependency /home/node/node_modules/@esbuild/openbsd-x64
322 silly reify mark deleted [ '/home/node/node_modules/@esbuild/openbsd-x64' ]
323 verbose reify failed optional dependency /home/node/node_modules/@esbuild/netbsd-x64
324 silly reify mark deleted [ '/home/node/node_modules/@esbuild/netbsd-x64' ]
325 verbose reify failed optional dependency /home/node/node_modules/@esbuild/linux-x64
326 silly reify mark deleted [ '/home/node/node_modules/@esbuild/linux-x64' ]
327 verbose reify failed optional dependency /home/node/node_modules/@esbuild/linux-s390x
328 silly reify mark deleted [ '/home/node/node_modules/@esbuild/linux-s390x' ]
329 verbose reify failed optional dependency /home/node/node_modules/@esbuild/linux-riscv64
330 silly reify mark deleted [ '/home/node/node_modules/@esbuild/linux-riscv64' ]
331 verbose reify failed optional dependency /home/node/node_modules/@esbuild/linux-ppc64
332 silly reify mark deleted [ '/home/node/node_modules/@esbuild/linux-ppc64' ]
333 verbose reify failed optional dependency /home/node/node_modules/@esbuild/linux-mips64el
334 silly reify mark deleted [ '/home/node/node_modules/@esbuild/linux-mips64el' ]
335 verbose reify failed optional dependency /home/node/node_modules/@esbuild/linux-loong64
336 silly reify mark deleted [ '/home/node/node_modules/@esbuild/linux-loong64' ]
337 verbose reify failed optional dependency /home/node/node_modules/@esbuild/linux-ia32
338 silly reify mark deleted [ '/home/node/node_modules/@esbuild/linux-ia32' ]
339 verbose reify failed optional dependency /home/node/node_modules/@esbuild/linux-arm
340 silly reify mark deleted [ '/home/node/node_modules/@esbuild/linux-arm' ]
341 verbose reify failed optional dependency /home/node/node_modules/@esbuild/freebsd-x64
342 silly reify mark deleted [ '/home/node/node_modules/@esbuild/freebsd-x64' ]
343 verbose reify failed optional dependency /home/node/node_modules/@esbuild/freebsd-arm64
344 silly reify mark deleted [ '/home/node/node_modules/@esbuild/freebsd-arm64' ]
345 verbose reify failed optional dependency /home/node/node_modules/@esbuild/darwin-x64
346 silly reify mark deleted [ '/home/node/node_modules/@esbuild/darwin-x64' ]
347 verbose reify failed optional dependency /home/node/node_modules/@esbuild/darwin-arm64
348 silly reify mark deleted [ '/home/node/node_modules/@esbuild/darwin-arm64' ]
349 verbose reify failed optional dependency /home/node/node_modules/@esbuild/android-x64
350 silly reify mark deleted [ '/home/node/node_modules/@esbuild/android-x64' ]
351 verbose reify failed optional dependency /home/node/node_modules/@esbuild/android-arm64
352 silly reify mark deleted [ '/home/node/node_modules/@esbuild/android-arm64' ]
353 verbose reify failed optional dependency /home/node/node_modules/@esbuild/android-arm
354 silly reify mark deleted [ '/home/node/node_modules/@esbuild/android-arm' ]
355 verbose reify failed optional dependency /home/node/node_modules/@esbuild/aix-ppc64
356 silly reify mark deleted [ '/home/node/node_modules/@esbuild/aix-ppc64' ]
357 verbose reify failed optional dependency /home/node/node_modules/fsevents
358 silly reify mark deleted [ '/home/node/node_modules/fsevents' ]
359 timing reifyNode:node_modules/@rollup/rollup-win32-x64-msvc Completed in 26ms
360 timing reifyNode:node_modules/@rollup/rollup-win32-ia32-msvc Completed in 27ms
361 timing reifyNode:node_modules/@rollup/rollup-win32-arm64-msvc Completed in 27ms
362 timing reifyNode:node_modules/@rollup/rollup-linux-x64-musl Completed in 27ms
363 timing reifyNode:node_modules/@rollup/rollup-linux-x64-gnu Completed in 27ms
364 timing reifyNode:node_modules/@rollup/rollup-linux-riscv64-gnu Completed in 27ms
365 timing reifyNode:node_modules/@rollup/rollup-linux-arm-gnueabihf Completed in 27ms
366 timing reifyNode:node_modules/@rollup/rollup-darwin-x64 Completed in 27ms
367 timing reifyNode:node_modules/@rollup/rollup-darwin-arm64 Completed in 27ms
368 timing reifyNode:node_modules/@rollup/rollup-android-arm64 Completed in 27ms
369 timing reifyNode:node_modules/@rollup/rollup-android-arm-eabi Completed in 28ms
370 timing reifyNode:node_modules/@esbuild/win32-x64 Completed in 27ms
371 timing reifyNode:node_modules/@esbuild/win32-ia32 Completed in 27ms
372 timing reifyNode:node_modules/@esbuild/win32-arm64 Completed in 27ms
373 timing reifyNode:node_modules/@esbuild/sunos-x64 Completed in 27ms
374 timing reifyNode:node_modules/@esbuild/openbsd-x64 Completed in 27ms
375 timing reifyNode:node_modules/@esbuild/netbsd-x64 Completed in 28ms
376 timing reifyNode:node_modules/@esbuild/linux-x64 Completed in 28ms
377 timing reifyNode:node_modules/@esbuild/linux-s390x Completed in 28ms
378 timing reifyNode:node_modules/@esbuild/linux-riscv64 Completed in 28ms
379 timing reifyNode:node_modules/@esbuild/linux-ppc64 Completed in 28ms
380 timing reifyNode:node_modules/@esbuild/linux-mips64el Completed in 29ms
381 timing reifyNode:node_modules/@esbuild/linux-loong64 Completed in 29ms
382 timing reifyNode:node_modules/@esbuild/linux-ia32 Completed in 29ms
383 timing reifyNode:node_modules/@esbuild/linux-arm Completed in 29ms
384 timing reifyNode:node_modules/@esbuild/freebsd-x64 Completed in 28ms
385 timing reifyNode:node_modules/@esbuild/freebsd-arm64 Completed in 29ms
386 timing reifyNode:node_modules/@esbuild/darwin-x64 Completed in 29ms
387 timing reifyNode:node_modules/@esbuild/darwin-arm64 Completed in 29ms
388 timing reifyNode:node_modules/@esbuild/android-x64 Completed in 29ms
389 timing reifyNode:node_modules/@esbuild/android-arm64 Completed in 30ms
390 timing reifyNode:node_modules/@esbuild/android-arm Completed in 30ms
391 timing reifyNode:node_modules/@esbuild/aix-ppc64 Completed in 30ms
392 timing reifyNode:node_modules/fsevents Completed in 30ms
393 silly tarball no local data for picomatch@https://registry.npmjs.org/picomatch/-/picomatch-2.3.1.tgz. Extracting by manifest.
394 silly tarball no local data for @rollup/rollup-linux-arm64-musl@https://registry.npmjs.org/@rollup/rollup-linux-arm64-musl/-/rollup-linux-arm64-musl-4.12.1.tgz. Extracting by manifest.
395 silly tarball no local data for @types/estree@https://registry.npmjs.org/@types/estree/-/estree-1.0.5.tgz. Extracting by manifest.
396 silly tarball no local data for @rollup/rollup-linux-arm64-gnu@https://registry.npmjs.org/@rollup/rollup-linux-arm64-gnu/-/rollup-linux-arm64-gnu-4.12.1.tgz. Extracting by manifest.
397 silly tarball no local data for source-map-js@https://registry.npmjs.org/source-map-js/-/source-map-js-1.0.2.tgz. Extracting by manifest.
398 silly tarball no local data for nanoid@https://registry.npmjs.org/nanoid/-/nanoid-3.3.7.tgz. Extracting by manifest.
399 silly tarball no local data for @esbuild/linux-arm64@https://registry.npmjs.org/@esbuild/linux-arm64/-/linux-arm64-0.19.12.tgz. Extracting by manifest.
400 silly tarball no local data for rollup@https://registry.npmjs.org/rollup/-/rollup-4.12.1.tgz. Extracting by manifest.
401 silly tarball no local data for postcss@https://registry.npmjs.org/postcss/-/postcss-8.4.35.tgz. Extracting by manifest.
402 silly tarball no local data for vite-plugin-full-reload@https://registry.npmjs.org/vite-plugin-full-reload/-/vite-plugin-full-reload-1.1.0.tgz. Extracting by manifest.
403 silly tarball no local data for mime-db@https://registry.npmjs.org/mime-db/-/mime-db-1.52.0.tgz. Extracting by manifest.
404 silly tarball no local data for esbuild@https://registry.npmjs.org/esbuild/-/esbuild-0.19.12.tgz. Extracting by manifest.
405 silly tarball no local data for picocolors@https://registry.npmjs.org/picocolors/-/picocolors-1.0.0.tgz. Extracting by manifest.
406 silly tarball no local data for delayed-stream@https://registry.npmjs.org/delayed-stream/-/delayed-stream-1.0.0.tgz. Extracting by manifest.
407 silly tarball no local data for asynckit@https://registry.npmjs.org/asynckit/-/asynckit-0.4.0.tgz. Extracting by manifest.
408 silly tarball no local data for combined-stream@https://registry.npmjs.org/combined-stream/-/combined-stream-1.0.8.tgz. Extracting by manifest.
409 silly tarball no local data for proxy-from-env@https://registry.npmjs.org/proxy-from-env/-/proxy-from-env-1.1.0.tgz. Extracting by manifest.
410 silly tarball no local data for mime-types@https://registry.npmjs.org/mime-types/-/mime-types-2.1.35.tgz. Extracting by manifest.
411 silly tarball no local data for vite@https://registry.npmjs.org/vite/-/vite-5.1.5.tgz. Extracting by manifest.
412 silly tarball no local data for follow-redirects@https://registry.npmjs.org/follow-redirects/-/follow-redirects-1.15.5.tgz. Extracting by manifest.
413 silly tarball no local data for form-data@https://registry.npmjs.org/form-data/-/form-data-4.0.0.tgz. Extracting by manifest.
414 silly tarball no local data for axios@https://registry.npmjs.org/axios/-/axios-1.6.7.tgz. Extracting by manifest.
415 silly tarball no local data for laravel-vite-plugin@https://registry.npmjs.org/laravel-vite-plugin/-/laravel-vite-plugin-1.0.2.tgz. Extracting by manifest.
416 http fetch POST 200 https://registry.npmjs.org/-/npm/v1/security/advisories/bulk 266ms
417 timing auditReport:getReport Completed in 272ms
418 silly audit report {}
419 timing auditReport:init Completed in 0ms
420 timing reify:audit Completed in 273ms
421 http fetch GET 200 https://registry.npmjs.org/nanoid/-/nanoid-3.3.7.tgz 499ms (cache miss)
422 http fetch GET 200 https://registry.npmjs.org/@types/estree/-/estree-1.0.5.tgz 530ms (cache miss)
423 timing reifyNode:node_modules/@types/estree Completed in 576ms
424 http fetch GET 200 https://registry.npmjs.org/delayed-stream/-/delayed-stream-1.0.0.tgz 530ms (cache miss)
425 timing reifyNode:node_modules/delayed-stream Completed in 599ms
426 http fetch GET 200 https://registry.npmjs.org/picocolors/-/picocolors-1.0.0.tgz 572ms (cache miss)
427 timing reifyNode:node_modules/picocolors Completed in 639ms
428 timing reifyNode:node_modules/nanoid Completed in 689ms
429 http fetch GET 200 https://registry.npmjs.org/mime-types/-/mime-types-2.1.35.tgz 625ms (cache miss)
430 timing reifyNode:node_modules/mime-types Completed in 700ms
431 http fetch GET 200 https://registry.npmjs.org/combined-stream/-/combined-stream-1.0.8.tgz 658ms (cache miss)
432 timing reifyNode:node_modules/combined-stream Completed in 728ms
433 http fetch GET 200 https://registry.npmjs.org/proxy-from-env/-/proxy-from-env-1.1.0.tgz 680ms (cache miss)
434 timing reifyNode:node_modules/proxy-from-env Completed in 761ms
435 http fetch GET 200 https://registry.npmjs.org/asynckit/-/asynckit-0.4.0.tgz 702ms (cache miss)
436 http fetch GET 200 https://registry.npmjs.org/vite-plugin-full-reload/-/vite-plugin-full-reload-1.1.0.tgz 721ms (cache miss)
437 timing reifyNode:node_modules/vite-plugin-full-reload Completed in 774ms
438 http fetch GET 200 https://registry.npmjs.org/follow-redirects/-/follow-redirects-1.15.5.tgz 702ms (cache miss)
439 timing reifyNode:node_modules/follow-redirects Completed in 781ms
440 http fetch GET 200 https://registry.npmjs.org/form-data/-/form-data-4.0.0.tgz 710ms (cache miss)
441 timing reifyNode:node_modules/form-data Completed in 790ms
442 timing reifyNode:node_modules/asynckit Completed in 791ms
443 http fetch GET 200 https://registry.npmjs.org/laravel-vite-plugin/-/laravel-vite-plugin-1.0.2.tgz 725ms (cache miss)
444 timing reifyNode:node_modules/laravel-vite-plugin Completed in 803ms
445 http fetch GET 200 https://registry.npmjs.org/picomatch/-/picomatch-2.3.1.tgz 787ms (cache miss)
446 timing reifyNode:node_modules/picomatch Completed in 829ms
447 http fetch GET 200 https://registry.npmjs.org/source-map-js/-/source-map-js-1.0.2.tgz 802ms (cache miss)
448 timing reifyNode:node_modules/source-map-js Completed in 848ms
449 http fetch GET 200 https://registry.npmjs.org/mime-db/-/mime-db-1.52.0.tgz 796ms (cache miss)
450 timing reifyNode:node_modules/mime-db Completed in 850ms
451 http fetch GET 200 https://registry.npmjs.org/esbuild/-/esbuild-0.19.12.tgz 919ms (cache miss)
452 timing reifyNode:node_modules/esbuild Completed in 974ms
453 http fetch GET 200 https://registry.npmjs.org/postcss/-/postcss-8.4.35.tgz 1240ms (cache miss)
454 timing reifyNode:node_modules/postcss Completed in 1291ms
455 http fetch GET 200 https://registry.npmjs.org/@rollup/rollup-linux-arm64-musl/-/rollup-linux-arm64-musl-4.12.1.tgz 1559ms (cache miss)
456 timing reifyNode:node_modules/@rollup/rollup-linux-arm64-musl Completed in 1605ms
457 http fetch GET 200 https://registry.npmjs.org/rollup/-/rollup-4.12.1.tgz 1649ms (cache miss)
458 timing reifyNode:node_modules/rollup Completed in 1702ms
459 http fetch GET 200 https://registry.npmjs.org/@rollup/rollup-linux-arm64-gnu/-/rollup-linux-arm64-gnu-4.12.1.tgz 1712ms (cache miss)
460 timing reifyNode:node_modules/@rollup/rollup-linux-arm64-gnu Completed in 1757ms
461 http fetch GET 200 https://registry.npmjs.org/axios/-/axios-1.6.7.tgz 1802ms (cache miss)
462 timing reifyNode:node_modules/axios Completed in 1882ms
463 http fetch GET 200 https://registry.npmjs.org/vite/-/vite-5.1.5.tgz 2011ms (cache miss)
464 timing reifyNode:node_modules/vite Completed in 2085ms
465 http fetch GET 200 https://registry.npmjs.org/@esbuild/linux-arm64/-/linux-arm64-0.19.12.tgz 2400ms (cache miss)
466 timing reifyNode:node_modules/@esbuild/linux-arm64 Completed in 2448ms
467 timing reify:unpack Completed in 2452ms
468 timing reify:unretire Completed in 1ms
469 timing build:queue Completed in 53ms
470 timing build:link:node_modules/esbuild Completed in 9ms
471 timing build:link:node_modules/laravel-vite-plugin Completed in 12ms
472 timing build:link:node_modules/nanoid Completed in 13ms
473 timing build:link:node_modules/vite Completed in 14ms
474 timing build:link:node_modules/rollup Completed in 14ms
475 timing build:link Completed in 16ms
476 info run esbuild@0.19.12 postinstall node_modules/esbuild node install.js
477 info run esbuild@0.19.12 postinstall { code: 0, signal: null }
478 timing build:run:postinstall:node_modules/esbuild Completed in 188ms
479 timing build:run:postinstall Completed in 189ms
480 timing build:deps Completed in 261ms
481 timing build Completed in 261ms
482 timing reify:build Completed in 262ms
483 timing reify:trash Completed in 24ms
484 timing reify:save Completed in 30ms
485 timing reify Completed in 12789ms
486 silly ADD node_modules/picomatch
487 silly ADD node_modules/@types/estree
488 silly ADD
489 silly ADD
490 silly ADD
491 silly ADD
492 silly ADD
493 silly ADD
494 silly ADD node_modules/@rollup/rollup-linux-arm64-musl
495 silly ADD node_modules/@rollup/rollup-linux-arm64-gnu
496 silly ADD
497 silly ADD
498 silly ADD
499 silly ADD
500 silly ADD
501 silly ADD node_modules/source-map-js
502 silly ADD node_modules/nanoid
503 silly ADD
504 silly ADD
505 silly ADD
506 silly ADD
507 silly ADD
508 silly ADD
509 silly ADD
510 silly ADD
511 silly ADD
512 silly ADD
513 silly ADD
514 silly ADD
515 silly ADD
516 silly ADD node_modules/@esbuild/linux-arm64
517 silly ADD
518 silly ADD
519 silly ADD
520 silly ADD
521 silly ADD
522 silly ADD
523 silly ADD
524 silly ADD
525 silly ADD
526 silly ADD node_modules/rollup
527 silly ADD node_modules/postcss
528 silly ADD
529 silly ADD node_modules/esbuild
530 silly ADD node_modules/mime-db
531 silly ADD node_modules/vite-plugin-full-reload
532 silly ADD node_modules/picocolors
533 silly ADD node_modules/delayed-stream
534 silly ADD node_modules/mime-types
535 silly ADD node_modules/combined-stream
536 silly ADD node_modules/asynckit
537 silly ADD node_modules/proxy-from-env
538 silly ADD node_modules/form-data
539 silly ADD node_modules/follow-redirects
540 silly ADD node_modules/vite
541 silly ADD node_modules/laravel-vite-plugin
542 silly ADD node_modules/axios
543 timing command:i Completed in 12817ms
544 notice
544 notice New minor version of npm available! 10.1.0 -> 10.5.0
544 notice Changelog: <https://github.com/npm/cli/releases/tag/v10.5.0>
544 notice Run `npm install -g npm@10.5.0` to update!
544 notice
545 verbose exit 0
546 timing npm Completed in 13390ms
547 info ok
